$************** ANSYS(R) SCADE Suite(R) - SCADETOC - Version Student 2021 R1 (build 20201118T195152) **************
** Generation date: 2021-02-15T23:13:17
** Command: scade -code "C:\Users\Administrator\Desktop\ROB301\statemachine\statemachine.etp" -root voteur2 -conf Simulation -sim -all
*************************************************************$
*** Generated Files Information (GENFIL): KCG- Generated files
  at file C:\Users\Administrator\Desktop\ROB301\statemachine\Simulation\mapping.xml, line 0, character 0
 ~mapping.xml
  at file C:\Users\Administrator\Desktop\ROB301\statemachine\Simulation\kcg_metrics.txt, line 0, character 0
 ~kcg_metrics.txt
  at file C:\Users\Administrator\Desktop\ROB301\statemachine\Simulation\voteur2.c, line 0, character 0
 ~voteur2.c
  at file C:\Users\Administrator\Desktop\ROB301\statemachine\Simulation\voteur2.h, line 0, character 0
 ~voteur2.h
  at file C:\Users\Administrator\Desktop\ROB301\statemachine\Simulation\kcg_types.h, line 0, character 0
 ~kcg_types.h
  at file C:\Users\Administrator\Desktop\ROB301\statemachine\Simulation\kcg_consts.h, line 0, character 0
 ~kcg_consts.h
  at file C:\Users\Administrator\Desktop\ROB301\statemachine\Simulation\kcg_sensors.h, line 0, character 0
 ~kcg_sensors.h
  at file C:\Users\Administrator\Desktop\ROB301\statemachine\Simulation\kcg_types.c, line 0, character 0
 ~kcg_types.c
  at file C:\Users\Administrator\Desktop\ROB301\statemachine\Simulation\kcg_consts.c, line 0, character 0
 ~kcg_consts.c
  at file C:\Users\Administrator\Desktop\ROB301\statemachine\Simulation\config.txt, line 0, character 0
 ~config.txt
*** Generated Files Information (GENFIL): Code Generator Generated files
  at file C:\Users\Administrator\Desktop\ROB301\statemachine\Simulation\user_macros.h, line 0, character 0
 ~user_macros.h
  at file C:\Users\Administrator\Desktop\ROB301\statemachine\Simulation\kcg_imported_types.h, line 0, character 0
 ~kcg_imported_types.h
  at file C:\Users\Administrator\Desktop\ROB301\statemachine\Simulation\sc2c.log, line 0, character 0
 ~sc2c.log
  at file C:\Users\Administrator\Desktop\ROB301\statemachine\Simulation\sc2c_integration_files.txt, line 0, character 0
 ~sc2c_integration_files.txt
*** Generated Files Information (GENFIL): Type Utils Generated files
  at file C:\Users\Administrator\Desktop\ROB301\statemachine\Simulation\statemachine_type.h, line 0, character 0
 ~statemachine_type.h
  at file C:\Users\Administrator\Desktop\ROB301\statemachine\Simulation\statemachine_type.c, line 0, character 0
 ~statemachine_type.c
*** Generated Files Information (GENFIL): Mapping Utils Generated files
  at file C:\Users\Administrator\Desktop\ROB301\statemachine\Simulation\statemachine_mapping.h, line 0, character 0
 ~statemachine_mapping.h
  at file C:\Users\Administrator\Desktop\ROB301\statemachine\Simulation\statemachine_mapping.c, line 0, character 0
 ~statemachine_mapping.c
*** Generated Files Information (GENFIL): Simulator Generated files
  at file C:\Users\Administrator\Desktop\ROB301\statemachine\Simulation\statemachine_interface.h, line 0, character 0
 ~statemachine_interface.h
  at file C:\Users\Administrator\Desktop\ROB301\statemachine\Simulation\statemachine_interface.c, line 0, character 0
 ~statemachine_interface.c
  at file C:\Users\Administrator\Desktop\ROB301\statemachine\Simulation\statemachine_dll.c, line 0, character 0
 ~statemachine_dll.c
*** Generated Files Information (GENFIL): Build Generated files
  at file C:\Users\Administrator\Desktop\ROB301\statemachine\Simulation\Makefile_win64, line 0, character 0
 ~Makefile_win64
  at file C:\Users\Administrator\Desktop\ROB301\statemachine\Simulation\voteur2.dll, line 0, character 0
 ~voteur2.dll
  at file C:\Users\Administrator\Desktop\ROB301\statemachine\Simulation\voteur2.exe, line 0, character 0
 ~voteur2.exe
$************** ANSYS(R) SCADE Suite(R) - SCADETOC - Version Student 2021 R1 (build 20201118T195152) **************
** Generation date: 2021-02-15T23:13:18
** sc2c.log
*************************************************************$
