$************** ANSYS(R) SCADE Suite(R) - SCADETOC - Version Student 2021 R1 (build 20201118T195152) **************
** Generation date: 2021-02-08T22:09:32
** Command: scade -code "C:\Users\Administrator\Desktop\ROB301\TP1\Rising_falling_edge_detector\Rising_falling_edge_detector.etp" -root Rising_falling_edge_detection2 -conf Simulation -sim -all
*************************************************************$
*** Generated Files Information (GENFIL): KCG- Generated files
  at file C:\Users\Administrator\Desktop\ROB301\TP1\Rising_falling_edge_detector\Simulation\mapping.xml, line 0, character 0
 ~mapping.xml
  at file C:\Users\Administrator\Desktop\ROB301\TP1\Rising_falling_edge_detector\Simulation\kcg_metrics.txt, line 0, character 0
 ~kcg_metrics.txt
  at file C:\Users\Administrator\Desktop\ROB301\TP1\Rising_falling_edge_detector\Simulation\Rising_falling_edge_detec.c, line 0, character 0
 ~Rising_falling_edge_detec.c
  at file C:\Users\Administrator\Desktop\ROB301\TP1\Rising_falling_edge_detector\Simulation\Rising_falling_edge_detec.h, line 0, character 0
 ~Rising_falling_edge_detec.h
  at file C:\Users\Administrator\Desktop\ROB301\TP1\Rising_falling_edge_detector\Simulation\kcg_types.h, line 0, character 0
 ~kcg_types.h
  at file C:\Users\Administrator\Desktop\ROB301\TP1\Rising_falling_edge_detector\Simulation\kcg_consts.h, line 0, character 0
 ~kcg_consts.h
  at file C:\Users\Administrator\Desktop\ROB301\TP1\Rising_falling_edge_detector\Simulation\kcg_sensors.h, line 0, character 0
 ~kcg_sensors.h
  at file C:\Users\Administrator\Desktop\ROB301\TP1\Rising_falling_edge_detector\Simulation\kcg_types.c, line 0, character 0
 ~kcg_types.c
  at file C:\Users\Administrator\Desktop\ROB301\TP1\Rising_falling_edge_detector\Simulation\kcg_consts.c, line 0, character 0
 ~kcg_consts.c
  at file C:\Users\Administrator\Desktop\ROB301\TP1\Rising_falling_edge_detector\Simulation\config.txt, line 0, character 0
 ~config.txt
*** Generated Files Information (GENFIL): Code Generator Generated files
  at file C:\Users\Administrator\Desktop\ROB301\TP1\Rising_falling_edge_detector\Simulation\user_macros.h, line 0, character 0
 ~user_macros.h
  at file C:\Users\Administrator\Desktop\ROB301\TP1\Rising_falling_edge_detector\Simulation\kcg_imported_types.h, line 0, character 0
 ~kcg_imported_types.h
  at file C:\Users\Administrator\Desktop\ROB301\TP1\Rising_falling_edge_detector\Simulation\sc2c.log, line 0, character 0
 ~sc2c.log
  at file C:\Users\Administrator\Desktop\ROB301\TP1\Rising_falling_edge_detector\Simulation\sc2c_integration_files.txt, line 0, character 0
 ~sc2c_integration_files.txt
*** Generated Files Information (GENFIL): Type Utils Generated files
  at file C:\Users\Administrator\Desktop\ROB301\TP1\Rising_falling_edge_detector\Simulation\Rising_falling_edge_detector_type.h, line 0, character 0
 ~Rising_falling_edge_detector_type.h
  at file C:\Users\Administrator\Desktop\ROB301\TP1\Rising_falling_edge_detector\Simulation\Rising_falling_edge_detector_type.c, line 0, character 0
 ~Rising_falling_edge_detector_type.c
*** Generated Files Information (GENFIL): Mapping Utils Generated files
  at file C:\Users\Administrator\Desktop\ROB301\TP1\Rising_falling_edge_detector\Simulation\Rising_falling_edge_detector_mapping.h, line 0, character 0
 ~Rising_falling_edge_detector_mapping.h
  at file C:\Users\Administrator\Desktop\ROB301\TP1\Rising_falling_edge_detector\Simulation\Rising_falling_edge_detector_mapping.c, line 0, character 0
 ~Rising_falling_edge_detector_mapping.c
*** Generated Files Information (GENFIL): Simulator Generated files
  at file C:\Users\Administrator\Desktop\ROB301\TP1\Rising_falling_edge_detector\Simulation\Rising_falling_edge_detector_interface.h, line 0, character 0
 ~Rising_falling_edge_detector_interface.h
  at file C:\Users\Administrator\Desktop\ROB301\TP1\Rising_falling_edge_detector\Simulation\Rising_falling_edge_detector_interface.c, line 0, character 0
 ~Rising_falling_edge_detector_interface.c
  at file C:\Users\Administrator\Desktop\ROB301\TP1\Rising_falling_edge_detector\Simulation\Rising_falling_edge_detector_dll.c, line 0, character 0
 ~Rising_falling_edge_detector_dll.c
*** Generated Files Information (GENFIL): Build Generated files
  at file C:\Users\Administrator\Desktop\ROB301\TP1\Rising_falling_edge_detector\Simulation\Makefile_win64, line 0, character 0
 ~Makefile_win64
  at file C:\Users\Administrator\Desktop\ROB301\TP1\Rising_falling_edge_detector\Simulation\Rising_falling_edge_detection2.dll, line 0, character 0
 ~Rising_falling_edge_detection2.dll
  at file C:\Users\Administrator\Desktop\ROB301\TP1\Rising_falling_edge_detector\Simulation\Rising_falling_edge_detection2.exe, line 0, character 0
 ~Rising_falling_edge_detection2.exe
$************** ANSYS(R) SCADE Suite(R) - SCADETOC - Version Student 2021 R1 (build 20201118T195152) **************
** Generation date: 2021-02-08T22:09:34
** sc2c.log
*************************************************************$
