$************** ANSYS(R) SCADE Suite(R) - SCADETOC - Version Student 2021 R1 (build 20201118T195152) **************
** Generation date: 2021-02-08T22:35:50
** Command: scade -code "C:\Users\Administrator\Desktop\ROB301\TP1\Moving_average\Moving_average.etp" -root moving_average -conf Simulation -sim -all
*************************************************************$
*** Generated Files Information (GENFIL): KCG- Generated files
  at file C:\Users\Administrator\Desktop\ROB301\TP1\Moving_average\Simulation\mapping.xml, line 0, character 0
 ~mapping.xml
  at file C:\Users\Administrator\Desktop\ROB301\TP1\Moving_average\Simulation\kcg_metrics.txt, line 0, character 0
 ~kcg_metrics.txt
  at file C:\Users\Administrator\Desktop\ROB301\TP1\Moving_average\Simulation\moving_average.c, line 0, character 0
 ~moving_average.c
  at file C:\Users\Administrator\Desktop\ROB301\TP1\Moving_average\Simulation\moving_average.h, line 0, character 0
 ~moving_average.h
  at file C:\Users\Administrator\Desktop\ROB301\TP1\Moving_average\Simulation\kcg_types.h, line 0, character 0
 ~kcg_types.h
  at file C:\Users\Administrator\Desktop\ROB301\TP1\Moving_average\Simulation\kcg_consts.h, line 0, character 0
 ~kcg_consts.h
  at file C:\Users\Administrator\Desktop\ROB301\TP1\Moving_average\Simulation\kcg_sensors.h, line 0, character 0
 ~kcg_sensors.h
  at file C:\Users\Administrator\Desktop\ROB301\TP1\Moving_average\Simulation\kcg_types.c, line 0, character 0
 ~kcg_types.c
  at file C:\Users\Administrator\Desktop\ROB301\TP1\Moving_average\Simulation\kcg_consts.c, line 0, character 0
 ~kcg_consts.c
  at file C:\Users\Administrator\Desktop\ROB301\TP1\Moving_average\Simulation\config.txt, line 0, character 0
 ~config.txt
*** Generated Files Information (GENFIL): Code Generator Generated files
  at file C:\Users\Administrator\Desktop\ROB301\TP1\Moving_average\Simulation\user_macros.h, line 0, character 0
 ~user_macros.h
  at file C:\Users\Administrator\Desktop\ROB301\TP1\Moving_average\Simulation\kcg_imported_types.h, line 0, character 0
 ~kcg_imported_types.h
  at file C:\Users\Administrator\Desktop\ROB301\TP1\Moving_average\Simulation\sc2c.log, line 0, character 0
 ~sc2c.log
  at file C:\Users\Administrator\Desktop\ROB301\TP1\Moving_average\Simulation\sc2c_integration_files.txt, line 0, character 0
 ~sc2c_integration_files.txt
*** Generated Files Information (GENFIL): Type Utils Generated files
  at file C:\Users\Administrator\Desktop\ROB301\TP1\Moving_average\Simulation\Moving_average_type.h, line 0, character 0
 ~Moving_average_type.h
  at file C:\Users\Administrator\Desktop\ROB301\TP1\Moving_average\Simulation\Moving_average_type.c, line 0, character 0
 ~Moving_average_type.c
*** Generated Files Information (GENFIL): Mapping Utils Generated files
  at file C:\Users\Administrator\Desktop\ROB301\TP1\Moving_average\Simulation\Moving_average_mapping.h, line 0, character 0
 ~Moving_average_mapping.h
  at file C:\Users\Administrator\Desktop\ROB301\TP1\Moving_average\Simulation\Moving_average_mapping.c, line 0, character 0
 ~Moving_average_mapping.c
*** Generated Files Information (GENFIL): Simulator Generated files
  at file C:\Users\Administrator\Desktop\ROB301\TP1\Moving_average\Simulation\Moving_average_interface.h, line 0, character 0
 ~Moving_average_interface.h
  at file C:\Users\Administrator\Desktop\ROB301\TP1\Moving_average\Simulation\Moving_average_interface.c, line 0, character 0
 ~Moving_average_interface.c
  at file C:\Users\Administrator\Desktop\ROB301\TP1\Moving_average\Simulation\Moving_average_dll.c, line 0, character 0
 ~Moving_average_dll.c
*** Generated Files Information (GENFIL): Build Generated files
  at file C:\Users\Administrator\Desktop\ROB301\TP1\Moving_average\Simulation\Makefile_win64, line 0, character 0
 ~Makefile_win64
  at file C:\Users\Administrator\Desktop\ROB301\TP1\Moving_average\Simulation\moving_average.dll, line 0, character 0
 ~moving_average.dll
  at file C:\Users\Administrator\Desktop\ROB301\TP1\Moving_average\Simulation\moving_average.exe, line 0, character 0
 ~moving_average.exe
$************** ANSYS(R) SCADE Suite(R) - SCADETOC - Version Student 2021 R1 (build 20201118T195152) **************
** Generation date: 2021-02-08T22:35:51
** sc2c.log
*************************************************************$
